time="2025-06-26T14:16:15-04:00" level=debug msg="OpenShift Installer 4.16.36"
time="2025-06-26T14:16:15-04:00" level=debug msg="Built from commit ed196179749c9370de6906453fb78f16b37a6e42"
time="2025-06-26T14:16:15-04:00" level=debug msg="Fetching Kubeconfig Admin Client..."
time="2025-06-26T14:16:15-04:00" level=debug msg="Loading Kubeconfig Admin Client..."
time="2025-06-26T14:16:15-04:00" level=debug msg="  Loading Certificate (admin-kubeconfig-client)..."
time="2025-06-26T14:16:15-04:00" level=debug msg="    Loading Certificate (admin-kubeconfig-signer)..."
time="2025-06-26T14:16:15-04:00" level=debug msg="  Loading Certificate (kube-apiserver-complete-server-ca-bundle)..."
time="2025-06-26T14:16:15-04:00" level=debug msg="    Loading Certificate (kube-apiserver-localhost-ca-bundle)..."
time="2025-06-26T14:16:15-04:00" level=debug msg="      Loading Certificate (kube-apiserver-localhost-signer)..."
time="2025-06-26T14:16:15-04:00" level=debug msg="    Loading Certificate (kube-apiserver-service-network-ca-bundle)..."
time="2025-06-26T14:16:15-04:00" level=debug msg="      Loading Certificate (kube-apiserver-service-network-signer)..."
time="2025-06-26T14:16:15-04:00" level=debug msg="    Loading Certificate (kube-apiserver-lb-ca-bundle)..."
time="2025-06-26T14:16:15-04:00" level=debug msg="      Loading Certificate (kube-apiserver-lb-signer)..."
time="2025-06-26T14:16:15-04:00" level=debug msg="  Loading Install Config..."
time="2025-06-26T14:16:15-04:00" level=debug msg="    Loading SSH Key..."
time="2025-06-26T14:16:15-04:00" level=debug msg="    Loading Base Domain..."
time="2025-06-26T14:16:15-04:00" level=debug msg="      Loading Platform..."
time="2025-06-26T14:16:15-04:00" level=debug msg="    Loading Cluster Name..."
time="2025-06-26T14:16:15-04:00" level=debug msg="      Loading Base Domain..."
time="2025-06-26T14:16:15-04:00" level=debug msg="      Loading Platform..."
time="2025-06-26T14:16:15-04:00" level=debug msg="    Loading Pull Secret..."
time="2025-06-26T14:16:15-04:00" level=debug msg="    Loading Platform..."
time="2025-06-26T14:16:15-04:00" level=debug msg="  Fetching Certificate (admin-kubeconfig-client)..."
time="2025-06-26T14:16:15-04:00" level=debug msg="    Fetching Certificate (admin-kubeconfig-signer)..."
time="2025-06-26T14:16:15-04:00" level=debug msg="    Generating Certificate (admin-kubeconfig-signer)..."
time="2025-06-26T14:16:15-04:00" level=debug msg="  Generating Certificate (admin-kubeconfig-client)..."
time="2025-06-26T14:16:15-04:00" level=debug msg="  Fetching Certificate (kube-apiserver-complete-server-ca-bundle)..."
time="2025-06-26T14:16:15-04:00" level=debug msg="    Fetching Certificate (kube-apiserver-localhost-ca-bundle)..."
time="2025-06-26T14:16:15-04:00" level=debug msg="      Fetching Certificate (kube-apiserver-localhost-signer)..."
time="2025-06-26T14:16:15-04:00" level=debug msg="      Generating Certificate (kube-apiserver-localhost-signer)..."
time="2025-06-26T14:16:15-04:00" level=debug msg="    Generating Certificate (kube-apiserver-localhost-ca-bundle)..."
time="2025-06-26T14:16:15-04:00" level=debug msg="    Fetching Certificate (kube-apiserver-service-network-ca-bundle)..."
time="2025-06-26T14:16:15-04:00" level=debug msg="      Fetching Certificate (kube-apiserver-service-network-signer)..."
time="2025-06-26T14:16:15-04:00" level=debug msg="      Generating Certificate (kube-apiserver-service-network-signer)..."
time="2025-06-26T14:16:15-04:00" level=debug msg="    Generating Certificate (kube-apiserver-service-network-ca-bundle)..."
time="2025-06-26T14:16:15-04:00" level=debug msg="    Fetching Certificate (kube-apiserver-lb-ca-bundle)..."
time="2025-06-26T14:16:15-04:00" level=debug msg="      Fetching Certificate (kube-apiserver-lb-signer)..."
time="2025-06-26T14:16:15-04:00" level=debug msg="      Generating Certificate (kube-apiserver-lb-signer)..."
time="2025-06-26T14:16:15-04:00" level=debug msg="    Generating Certificate (kube-apiserver-lb-ca-bundle)..."
time="2025-06-26T14:16:15-04:00" level=debug msg="  Generating Certificate (kube-apiserver-complete-server-ca-bundle)..."
time="2025-06-26T14:16:15-04:00" level=debug msg="  Fetching Install Config..."
time="2025-06-26T14:16:15-04:00" level=debug msg="    Fetching SSH Key..."
time="2025-06-26T14:16:15-04:00" level=debug msg="    Generating SSH Key..."
time="2025-06-26T14:16:27-04:00" level=debug msg="    Fetching Base Domain..."
time="2025-06-26T14:16:27-04:00" level=debug msg="      Fetching Platform..."
time="2025-06-26T14:16:27-04:00" level=debug msg="      Generating Platform..."
time="2025-06-26T14:16:46-04:00" level=fatal msg="failed to fetch Kubeconfig Admin Client: failed to fetch dependency of \"Kubeconfig Admin Client\": failed to fetch dependency of \"Install Config\": failed to fetch dependency of \"Base Domain\": failed to generate asset \"Platform\": failed UserInput: interrupt"
time="2025-06-28T23:32:30-04:00" level=debug msg="OpenShift Installer 4.16.36"
time="2025-06-28T23:32:30-04:00" level=debug msg="Built from commit ed196179749c9370de6906453fb78f16b37a6e42"
time="2025-06-28T23:32:30-04:00" level=debug msg="Fetching Kubeconfig Admin Client..."
time="2025-06-28T23:32:30-04:00" level=debug msg="Loading Kubeconfig Admin Client..."
time="2025-06-28T23:32:30-04:00" level=debug msg="  Loading Certificate (admin-kubeconfig-client)..."
time="2025-06-28T23:32:30-04:00" level=debug msg="    Loading Certificate (admin-kubeconfig-signer)..."
time="2025-06-28T23:32:30-04:00" level=debug msg="  Loading Certificate (kube-apiserver-complete-server-ca-bundle)..."
time="2025-06-28T23:32:30-04:00" level=debug msg="    Loading Certificate (kube-apiserver-localhost-ca-bundle)..."
time="2025-06-28T23:32:30-04:00" level=debug msg="      Loading Certificate (kube-apiserver-localhost-signer)..."
time="2025-06-28T23:32:30-04:00" level=debug msg="    Loading Certificate (kube-apiserver-service-network-ca-bundle)..."
time="2025-06-28T23:32:30-04:00" level=debug msg="      Loading Certificate (kube-apiserver-service-network-signer)..."
time="2025-06-28T23:32:30-04:00" level=debug msg="    Loading Certificate (kube-apiserver-lb-ca-bundle)..."
time="2025-06-28T23:32:30-04:00" level=debug msg="      Loading Certificate (kube-apiserver-lb-signer)..."
time="2025-06-28T23:32:30-04:00" level=debug msg="  Loading Install Config..."
time="2025-06-28T23:32:30-04:00" level=debug msg="    Loading SSH Key..."
time="2025-06-28T23:32:30-04:00" level=debug msg="    Loading Base Domain..."
time="2025-06-28T23:32:30-04:00" level=debug msg="      Loading Platform..."
time="2025-06-28T23:32:30-04:00" level=debug msg="    Loading Cluster Name..."
time="2025-06-28T23:32:30-04:00" level=debug msg="      Loading Base Domain..."
time="2025-06-28T23:32:30-04:00" level=debug msg="      Loading Platform..."
time="2025-06-28T23:32:30-04:00" level=debug msg="    Loading Pull Secret..."
time="2025-06-28T23:32:30-04:00" level=debug msg="    Loading Platform..."
time="2025-06-28T23:32:30-04:00" level=debug msg="  Fetching Certificate (admin-kubeconfig-client)..."
time="2025-06-28T23:32:30-04:00" level=debug msg="    Fetching Certificate (admin-kubeconfig-signer)..."
time="2025-06-28T23:32:30-04:00" level=debug msg="    Generating Certificate (admin-kubeconfig-signer)..."
time="2025-06-28T23:32:31-04:00" level=debug msg="  Generating Certificate (admin-kubeconfig-client)..."
time="2025-06-28T23:32:31-04:00" level=debug msg="  Fetching Certificate (kube-apiserver-complete-server-ca-bundle)..."
time="2025-06-28T23:32:31-04:00" level=debug msg="    Fetching Certificate (kube-apiserver-localhost-ca-bundle)..."
time="2025-06-28T23:32:31-04:00" level=debug msg="      Fetching Certificate (kube-apiserver-localhost-signer)..."
time="2025-06-28T23:32:31-04:00" level=debug msg="      Generating Certificate (kube-apiserver-localhost-signer)..."
time="2025-06-28T23:32:31-04:00" level=debug msg="    Generating Certificate (kube-apiserver-localhost-ca-bundle)..."
time="2025-06-28T23:32:31-04:00" level=debug msg="    Fetching Certificate (kube-apiserver-service-network-ca-bundle)..."
time="2025-06-28T23:32:31-04:00" level=debug msg="      Fetching Certificate (kube-apiserver-service-network-signer)..."
time="2025-06-28T23:32:31-04:00" level=debug msg="      Generating Certificate (kube-apiserver-service-network-signer)..."
time="2025-06-28T23:32:31-04:00" level=debug msg="    Generating Certificate (kube-apiserver-service-network-ca-bundle)..."
time="2025-06-28T23:32:31-04:00" level=debug msg="    Fetching Certificate (kube-apiserver-lb-ca-bundle)..."
time="2025-06-28T23:32:31-04:00" level=debug msg="      Fetching Certificate (kube-apiserver-lb-signer)..."
time="2025-06-28T23:32:31-04:00" level=debug msg="      Generating Certificate (kube-apiserver-lb-signer)..."
time="2025-06-28T23:32:31-04:00" level=debug msg="    Generating Certificate (kube-apiserver-lb-ca-bundle)..."
time="2025-06-28T23:32:31-04:00" level=debug msg="  Generating Certificate (kube-apiserver-complete-server-ca-bundle)..."
time="2025-06-28T23:32:31-04:00" level=debug msg="  Fetching Install Config..."
time="2025-06-28T23:32:31-04:00" level=debug msg="    Fetching SSH Key..."
time="2025-06-28T23:32:31-04:00" level=debug msg="    Generating SSH Key..."
time="2025-06-28T23:33:38-04:00" level=fatal msg="failed to fetch Kubeconfig Admin Client: failed to fetch dependency of \"Kubeconfig Admin Client\": failed to fetch dependency of \"Install Config\": failed to generate asset \"SSH Key\": failed UserInput: interrupt"
time="2025-06-28T23:38:42-04:00" level=debug msg="OpenShift Installer 4.16.36"
time="2025-06-28T23:38:42-04:00" level=debug msg="Built from commit ed196179749c9370de6906453fb78f16b37a6e42"
time="2025-06-28T23:38:42-04:00" level=debug msg="Fetching Kubeconfig Admin Client..."
time="2025-06-28T23:38:42-04:00" level=debug msg="Loading Kubeconfig Admin Client..."
time="2025-06-28T23:38:42-04:00" level=debug msg="  Loading Certificate (admin-kubeconfig-client)..."
time="2025-06-28T23:38:42-04:00" level=debug msg="    Loading Certificate (admin-kubeconfig-signer)..."
time="2025-06-28T23:38:42-04:00" level=debug msg="  Loading Certificate (kube-apiserver-complete-server-ca-bundle)..."
time="2025-06-28T23:38:42-04:00" level=debug msg="    Loading Certificate (kube-apiserver-localhost-ca-bundle)..."
time="2025-06-28T23:38:42-04:00" level=debug msg="      Loading Certificate (kube-apiserver-localhost-signer)..."
time="2025-06-28T23:38:42-04:00" level=debug msg="    Loading Certificate (kube-apiserver-service-network-ca-bundle)..."
time="2025-06-28T23:38:42-04:00" level=debug msg="      Loading Certificate (kube-apiserver-service-network-signer)..."
time="2025-06-28T23:38:42-04:00" level=debug msg="    Loading Certificate (kube-apiserver-lb-ca-bundle)..."
time="2025-06-28T23:38:42-04:00" level=debug msg="      Loading Certificate (kube-apiserver-lb-signer)..."
time="2025-06-28T23:38:42-04:00" level=debug msg="  Loading Install Config..."
time="2025-06-28T23:38:42-04:00" level=debug msg="    Loading SSH Key..."
time="2025-06-28T23:38:42-04:00" level=debug msg="    Loading Base Domain..."
time="2025-06-28T23:38:42-04:00" level=debug msg="      Loading Platform..."
time="2025-06-28T23:38:42-04:00" level=debug msg="    Loading Cluster Name..."
time="2025-06-28T23:38:42-04:00" level=debug msg="      Loading Base Domain..."
time="2025-06-28T23:38:42-04:00" level=debug msg="      Loading Platform..."
time="2025-06-28T23:38:42-04:00" level=debug msg="    Loading Pull Secret..."
time="2025-06-28T23:38:42-04:00" level=debug msg="    Loading Platform..."
time="2025-06-28T23:38:42-04:00" level=debug msg="  Fetching Certificate (admin-kubeconfig-client)..."
time="2025-06-28T23:38:42-04:00" level=debug msg="    Fetching Certificate (admin-kubeconfig-signer)..."
time="2025-06-28T23:38:42-04:00" level=debug msg="    Generating Certificate (admin-kubeconfig-signer)..."
time="2025-06-28T23:38:42-04:00" level=debug msg="  Generating Certificate (admin-kubeconfig-client)..."
time="2025-06-28T23:38:42-04:00" level=debug msg="  Fetching Certificate (kube-apiserver-complete-server-ca-bundle)..."
time="2025-06-28T23:38:42-04:00" level=debug msg="    Fetching Certificate (kube-apiserver-localhost-ca-bundle)..."
time="2025-06-28T23:38:42-04:00" level=debug msg="      Fetching Certificate (kube-apiserver-localhost-signer)..."
time="2025-06-28T23:38:42-04:00" level=debug msg="      Generating Certificate (kube-apiserver-localhost-signer)..."
time="2025-06-28T23:38:42-04:00" level=debug msg="    Generating Certificate (kube-apiserver-localhost-ca-bundle)..."
time="2025-06-28T23:38:42-04:00" level=debug msg="    Fetching Certificate (kube-apiserver-service-network-ca-bundle)..."
time="2025-06-28T23:38:42-04:00" level=debug msg="      Fetching Certificate (kube-apiserver-service-network-signer)..."
time="2025-06-28T23:38:42-04:00" level=debug msg="      Generating Certificate (kube-apiserver-service-network-signer)..."
time="2025-06-28T23:38:42-04:00" level=debug msg="    Generating Certificate (kube-apiserver-service-network-ca-bundle)..."
time="2025-06-28T23:38:42-04:00" level=debug msg="    Fetching Certificate (kube-apiserver-lb-ca-bundle)..."
time="2025-06-28T23:38:42-04:00" level=debug msg="      Fetching Certificate (kube-apiserver-lb-signer)..."
time="2025-06-28T23:38:42-04:00" level=debug msg="      Generating Certificate (kube-apiserver-lb-signer)..."
time="2025-06-28T23:38:42-04:00" level=debug msg="    Generating Certificate (kube-apiserver-lb-ca-bundle)..."
time="2025-06-28T23:38:42-04:00" level=debug msg="  Generating Certificate (kube-apiserver-complete-server-ca-bundle)..."
time="2025-06-28T23:38:42-04:00" level=debug msg="  Fetching Install Config..."
time="2025-06-28T23:38:42-04:00" level=debug msg="    Fetching SSH Key..."
time="2025-06-28T23:38:42-04:00" level=debug msg="    Generating SSH Key..."
time="2025-06-28T23:38:46-04:00" level=debug msg="    Fetching Base Domain..."
time="2025-06-28T23:38:46-04:00" level=debug msg="      Fetching Platform..."
time="2025-06-28T23:38:46-04:00" level=debug msg="      Generating Platform..."
time="2025-06-28T23:38:52-04:00" level=fatal msg="failed to fetch Kubeconfig Admin Client: failed to fetch dependency of \"Kubeconfig Admin Client\": failed to fetch dependency of \"Install Config\": failed to fetch dependency of \"Base Domain\": failed to generate asset \"Platform\": failed UserInput: interrupt"
