time="2025-07-01T14:50:09-04:00" level=debug msg="OpenShift Installer 4.16.36"
time="2025-07-01T14:50:09-04:00" level=debug msg="Built from commit ed196179749c9370de6906453fb78f16b37a6e42"
time="2025-07-01T14:50:09-04:00" level=debug msg="Fetching Bootstrap SSH Key Pair..."
time="2025-07-01T14:50:09-04:00" level=debug msg="Loading Bootstrap SSH Key Pair..."
time="2025-07-01T14:50:09-04:00" level=debug msg="Generating Bootstrap SSH Key Pair..."
time="2025-07-01T14:50:09-04:00" level=info msg="Pulling Cluster API artifacts"
time="2025-07-01T14:50:09-04:00" level=info msg="Failed to gather Cluster API manifests: either Cluster API manifests not generated or terraform provision"
time="2025-07-01T14:50:09-04:00" level=info msg="Skipping VM console logs gather: open metadata.json: no such file or directory"
time="2025-07-01T14:50:09-04:00" level=info msg="Pulling debug logs from the bootstrap machine"
time="2025-07-01T14:50:09-04:00" level=debug msg="Using SSH_AUTH_SOCK /private/tmp/com.apple.launchd.7QhZJOcbz5/Listeners to connect to an existing agent"
time="2025-07-01T14:50:09-04:00" level=info msg="Failed to gather bootstrap logs: failed to create SSH client: failed to use pre-existing agent, make sure the appropriate keys exist in the agent for authentication: ssh: handshake failed: ssh: unable to authenticate, attempted methods [none publickey], no supported methods remain"
time="2025-07-01T14:50:09-04:00" level=fatal msg="failed to gather VM console and bootstrap logs"
time="2025-07-01T14:52:06-04:00" level=debug msg="OpenShift Installer 4.16.36"
time="2025-07-01T14:52:06-04:00" level=debug msg="Built from commit ed196179749c9370de6906453fb78f16b37a6e42"
time="2025-07-01T14:52:06-04:00" level=debug msg="Fetching Bootstrap SSH Key Pair..."
time="2025-07-01T14:52:06-04:00" level=debug msg="Loading Bootstrap SSH Key Pair..."
time="2025-07-01T14:52:06-04:00" level=debug msg="Using Bootstrap SSH Key Pair loaded from state file"
time="2025-07-01T14:52:06-04:00" level=debug msg="Reusing previously-fetched Bootstrap SSH Key Pair"
time="2025-07-01T14:52:06-04:00" level=info msg="Pulling Cluster API artifacts"
time="2025-07-01T14:52:06-04:00" level=info msg="Failed to gather Cluster API manifests: either Cluster API manifests not generated or terraform provision"
time="2025-07-01T14:52:06-04:00" level=info msg="Skipping VM console logs gather: open metadata.json: no such file or directory"
time="2025-07-01T14:52:06-04:00" level=info msg="Pulling debug logs from the bootstrap machine"
time="2025-07-01T14:52:06-04:00" level=debug msg="Using SSH_AUTH_SOCK /private/tmp/com.apple.launchd.7QhZJOcbz5/Listeners to connect to an existing agent"
time="2025-07-01T14:52:06-04:00" level=info msg="Failed to gather bootstrap logs: failed to create SSH client: failed to use pre-existing agent, make sure the appropriate keys exist in the agent for authentication: ssh: handshake failed: ssh: unable to authenticate, attempted methods [none publickey], no supported methods remain"
time="2025-07-01T14:52:06-04:00" level=fatal msg="failed to gather VM console and bootstrap logs"
time="2025-07-01T14:52:36-04:00" level=debug msg="OpenShift Installer 4.16.36"
time="2025-07-01T14:52:36-04:00" level=debug msg="Built from commit ed196179749c9370de6906453fb78f16b37a6e42"
time="2025-07-01T14:52:36-04:00" level=debug msg="Fetching Bootstrap SSH Key Pair..."
time="2025-07-01T14:52:36-04:00" level=debug msg="Loading Bootstrap SSH Key Pair..."
time="2025-07-01T14:52:36-04:00" level=debug msg="Using Bootstrap SSH Key Pair loaded from state file"
time="2025-07-01T14:52:36-04:00" level=debug msg="Reusing previously-fetched Bootstrap SSH Key Pair"
time="2025-07-01T14:52:36-04:00" level=info msg="Pulling Cluster API artifacts"
time="2025-07-01T14:52:36-04:00" level=info msg="Failed to gather Cluster API manifests: either Cluster API manifests not generated or terraform provision"
time="2025-07-01T14:52:36-04:00" level=info msg="Skipping VM console logs gather: open metadata.json: no such file or directory"
time="2025-07-01T14:52:36-04:00" level=info msg="Pulling debug logs from the bootstrap machine"
time="2025-07-01T14:52:36-04:00" level=debug msg="Using SSH_AUTH_SOCK /private/tmp/com.apple.launchd.7QhZJOcbz5/Listeners to connect to an existing agent"
time="2025-07-01T14:52:36-04:00" level=info msg="Failed to gather bootstrap logs: failed to create SSH client: failed to use pre-existing agent, make sure the appropriate keys exist in the agent for authentication: ssh: handshake failed: ssh: unable to authenticate, attempted methods [none publickey], no supported methods remain"
time="2025-07-01T14:52:36-04:00" level=fatal msg="failed to gather VM console and bootstrap logs"
